<?xml version="1.0" encoding="UTF-8"?>
<coverage generated="1702865443940" clover="3.2.0">
  <project timestamp="1702865443940" name="All files">
    <metrics statements="58" coveredstatements="55" conditionals="10" coveredconditionals="10" methods="23" coveredmethods="18" elements="91" coveredelements="83" complexity="0" loc="58" ncloc="58" packages="1" files="10" classes="10"/>
    <file name="App.tsx" path="/Users/Lichen/Desktop/docker_practice/frontend/src/App.tsx">
      <metrics statements="5" coveredstatements="5" conditionals="0" coveredconditionals="0" methods="1" coveredmethods="1"/>
      <line num="13" count="21" type="stmt"/>
      <line num="14" count="21" type="stmt"/>
      <line num="15" count="21" type="stmt"/>
      <line num="16" count="21" type="stmt"/>
      <line num="18" count="21" type="stmt"/>
    </file>
    <file name="CalculateSum.tsx" path="/Users/Lichen/Desktop/docker_practice/frontend/src/CalculateSum.tsx">
      <metrics statements="6" coveredstatements="6" conditionals="0" coveredconditionals="0" methods="2" coveredmethods="2"/>
      <line num="1" count="2" type="stmt"/>
      <line num="3" count="7" type="stmt"/>
      <line num="4" count="7" type="stmt"/>
      <line num="7" count="2" type="stmt"/>
      <line num="9" count="5" type="stmt"/>
      <line num="10" count="5" type="stmt"/>
    </file>
    <file name="Context.tsx" path="/Users/Lichen/Desktop/docker_practice/frontend/src/Context.tsx">
      <metrics statements="7" coveredstatements="7" conditionals="0" coveredconditionals="0" methods="5" coveredmethods="1"/>
      <line num="20" count="2" type="stmt"/>
      <line num="35" count="2" type="stmt"/>
      <line num="37" count="23" type="stmt"/>
      <line num="40" count="23" type="stmt"/>
      <line num="43" count="23" type="stmt"/>
      <line num="50" count="23" type="stmt"/>
      <line num="52" count="23" type="stmt"/>
    </file>
    <file name="CustomButton.tsx" path="/Users/Lichen/Desktop/docker_practice/frontend/src/CustomButton.tsx">
      <metrics statements="2" coveredstatements="2" conditionals="4" coveredconditionals="4" methods="1" coveredmethods="1"/>
      <line num="11" count="2" type="stmt"/>
      <line num="12" count="44" type="stmt"/>
    </file>
    <file name="DataSection.tsx" path="/Users/Lichen/Desktop/docker_practice/frontend/src/DataSection.tsx">
      <metrics statements="14" coveredstatements="13" conditionals="0" coveredconditionals="0" methods="7" coveredmethods="6"/>
      <line num="12" count="2" type="stmt"/>
      <line num="13" count="17" type="stmt"/>
      <line num="27" count="2" type="stmt"/>
      <line num="28" count="23" type="stmt"/>
      <line num="30" count="23" type="stmt"/>
      <line num="31" count="4" type="stmt"/>
      <line num="33" count="4" type="stmt"/>
      <line num="36" count="4" type="stmt"/>
      <line num="37" count="4" type="stmt"/>
      <line num="40" count="0" type="stmt"/>
      <line num="44" count="23" type="stmt"/>
      <line num="45" count="4" type="stmt"/>
      <line num="48" count="23" type="stmt"/>
      <line num="51" count="17" type="stmt"/>
    </file>
    <file name="InputField.tsx" path="/Users/Lichen/Desktop/docker_practice/frontend/src/InputField.tsx">
      <metrics statements="2" coveredstatements="2" conditionals="0" coveredconditionals="0" methods="1" coveredmethods="1"/>
      <line num="9" count="2" type="stmt"/>
      <line num="10" count="23" type="stmt"/>
    </file>
    <file name="index.tsx" path="/Users/Lichen/Desktop/docker_practice/frontend/src/index.tsx">
      <metrics statements="2" coveredstatements="0" conditionals="0" coveredconditionals="0" methods="0" coveredmethods="0"/>
      <line num="7" count="0" type="stmt"/>
      <line num="10" count="0" type="stmt"/>
    </file>
    <file name="useDecreButton.tsx" path="/Users/Lichen/Desktop/docker_practice/frontend/src/useDecreButton.tsx">
      <metrics statements="7" coveredstatements="7" conditionals="2" coveredconditionals="2" methods="2" coveredmethods="2"/>
      <line num="5" count="1" type="stmt"/>
      <line num="6" count="21" type="stmt"/>
      <line num="8" count="21" type="stmt"/>
      <line num="9" count="5" type="cond" truecount="2" falsecount="0"/>
      <line num="10" count="5" type="stmt"/>
      <line num="11" count="5" type="stmt"/>
      <line num="14" count="21" type="stmt"/>
    </file>
    <file name="useGetNewInputValue.tsx" path="/Users/Lichen/Desktop/docker_practice/frontend/src/useGetNewInputValue.tsx">
      <metrics statements="6" coveredstatements="6" conditionals="2" coveredconditionals="2" methods="2" coveredmethods="2"/>
      <line num="4" count="1" type="stmt"/>
      <line num="5" count="21" type="stmt"/>
      <line num="7" count="21" type="stmt"/>
      <line num="8" count="8" type="cond" truecount="2" falsecount="0"/>
      <line num="12" count="8" type="stmt"/>
      <line num="15" count="21" type="stmt"/>
    </file>
    <file name="useIncreButton.tsx" path="/Users/Lichen/Desktop/docker_practice/frontend/src/useIncreButton.tsx">
      <metrics statements="7" coveredstatements="7" conditionals="2" coveredconditionals="2" methods="2" coveredmethods="2"/>
      <line num="5" count="1" type="stmt"/>
      <line num="6" count="21" type="stmt"/>
      <line num="8" count="21" type="stmt"/>
      <line num="9" count="3" type="cond" truecount="2" falsecount="0"/>
      <line num="10" count="3" type="stmt"/>
      <line num="11" count="3" type="stmt"/>
      <line num="14" count="21" type="stmt"/>
    </file>
  </project>
</coverage>
