{"/Users/Lichen/Desktop/docker_practice/frontend/src/App.tsx": {"path":"/Users/Lichen/Desktop/docker_practice/frontend/src/App.tsx","statementMap":{"0":{"start":{"line":13,"column":32},"end":{"line":13,"column":51}},"1":{"start":{"line":14,"column":27},"end":{"line":14,"column":43}},"2":{"start":{"line":15,"column":27},"end":{"line":15,"column":43}},"3":{"start":{"line":16,"column":29},"end":{"line":16,"column":50}},"4":{"start":{"line":18,"column":2},"end":{"line":47,"column":4}}},"fnMap":{"0":{"name":"App","decl":{"start":{"line":12,"column":9},"end":{"line":12,"column":12}},"loc":{"start":{"line":12,"column":15},"end":{"line":48,"column":1}},"line":12}},"branchMap":{},"s":{"0":21,"1":21,"2":21,"3":21,"4":21},"f":{"0":21},"b":{},"_coverageSchema":"1a1c01bbd47fc00a2c39e90264f33305004495a9","hash":"4232333452690bc666a60ae4d497ba34ac4d31d9"}
,"/Users/Lichen/Desktop/docker_practice/frontend/src/CalculateSum.tsx": {"path":"/Users/Lichen/Desktop/docker_practice/frontend/src/CalculateSum.tsx","statementMap":{"0":{"start":{"line":1,"column":25},"end":{"line":5,"column":1}},"1":{"start":{"line":3,"column":2},"end":{"line":3,"column":32}},"2":{"start":{"line":4,"column":2},"end":{"line":4,"column":18}},"3":{"start":{"line":7,"column":25},"end":{"line":11,"column":1}},"4":{"start":{"line":9,"column":2},"end":{"line":9,"column":32}},"5":{"start":{"line":10,"column":2},"end":{"line":10,"column":18}}},"fnMap":{"0":{"name":"(anonymous_0)","decl":{"start":{"line":1,"column":25},"end":{"line":1,"column":26}},"loc":{"start":{"line":1,"column":72},"end":{"line":5,"column":1}},"line":1},"1":{"name":"(anonymous_1)","decl":{"start":{"line":7,"column":25},"end":{"line":7,"column":26}},"loc":{"start":{"line":7,"column":72},"end":{"line":11,"column":1}},"line":7}},"branchMap":{},"s":{"0":2,"1":7,"2":7,"3":2,"4":5,"5":5},"f":{"0":7,"1":5},"b":{},"_coverageSchema":"1a1c01bbd47fc00a2c39e90264f33305004495a9","hash":"0df78cc5890bc90f4a9e0bf5b41302cda96dc314"}
,"/Users/Lichen/Desktop/docker_practice/frontend/src/Context.tsx": {"path":"/Users/Lichen/Desktop/docker_practice/frontend/src/Context.tsx","statementMap":{"0":{"start":{"line":20,"column":23},"end":{"line":29,"column":2}},"1":{"start":{"line":35,"column":24},"end":{"line":68,"column":1}},"2":{"start":{"line":37,"column":28},"end":{"line":37,"column":39}},"3":{"start":{"line":40,"column":38},"end":{"line":40,"column":49}},"4":{"start":{"line":43,"column":34},"end":{"line":47,"column":4}},"5":{"start":{"line":50,"column":40},"end":{"line":50,"column":64}},"6":{"start":{"line":52,"column":2},"end":{"line":67,"column":4}}},"fnMap":{"0":{"name":"(anonymous_0)","decl":{"start":{"line":22,"column":12},"end":{"line":22,"column":13}},"loc":{"start":{"line":22,"column":18},"end":{"line":22,"column":20}},"line":22},"1":{"name":"(anonymous_1)","decl":{"start":{"line":24,"column":17},"end":{"line":24,"column":18}},"loc":{"start":{"line":24,"column":23},"end":{"line":24,"column":25}},"line":24},"2":{"name":"(anonymous_2)","decl":{"start":{"line":26,"column":15},"end":{"line":26,"column":16}},"loc":{"start":{"line":26,"column":21},"end":{"line":26,"column":23}},"line":26},"3":{"name":"(anonymous_3)","decl":{"start":{"line":28,"column":18},"end":{"line":28,"column":19}},"loc":{"start":{"line":28,"column":24},"end":{"line":28,"column":26}},"line":28},"4":{"name":"(anonymous_4)","decl":{"start":{"line":35,"column":24},"end":{"line":35,"column":25}},"loc":{"start":{"line":35,"column":64},"end":{"line":68,"column":1}},"line":35}},"branchMap":{},"s":{"0":2,"1":2,"2":23,"3":23,"4":23,"5":23,"6":23},"f":{"0":0,"1":0,"2":0,"3":0,"4":23},"b":{},"_coverageSchema":"1a1c01bbd47fc00a2c39e90264f33305004495a9","hash":"2ff8d637957d8b6347c257f9da6d855d7ce269f3"}
,"/Users/Lichen/Desktop/docker_practice/frontend/src/CustomButton.tsx": {"path":"/Users/Lichen/Desktop/docker_practice/frontend/src/CustomButton.tsx","statementMap":{"0":{"start":{"line":11,"column":21},"end":{"line":22,"column":1}},"1":{"start":{"line":12,"column":2},"end":{"line":21,"column":4}}},"fnMap":{"0":{"name":"(anonymous_0)","decl":{"start":{"line":11,"column":21},"end":{"line":11,"column":22}},"loc":{"start":{"line":11,"column":56},"end":{"line":22,"column":1}},"line":11}},"branchMap":{"0":{"loc":{"start":{"line":16,"column":18},"end":{"line":16,"column":71}},"type":"cond-expr","locations":[{"start":{"line":16,"column":42},"end":{"line":16,"column":55}},{"start":{"line":16,"column":58},"end":{"line":16,"column":71}}],"line":16},"1":{"loc":{"start":{"line":19,"column":7},"end":{"line":19,"column":59}},"type":"cond-expr","locations":[{"start":{"line":19,"column":31},"end":{"line":19,"column":45}},{"start":{"line":19,"column":48},"end":{"line":19,"column":59}}],"line":19}},"s":{"0":2,"1":44},"f":{"0":44},"b":{"0":[23,21],"1":[23,21]},"_coverageSchema":"1a1c01bbd47fc00a2c39e90264f33305004495a9","hash":"a5dd456e456d5980ba1a4b5a3c432fa05fed7f5c"}
,"/Users/Lichen/Desktop/docker_practice/frontend/src/DataSection.tsx": {"path":"/Users/Lichen/Desktop/docker_practice/frontend/src/DataSection.tsx","statementMap":{"0":{"start":{"line":12,"column":49},"end":{"line":25,"column":1}},"1":{"start":{"line":13,"column":2},"end":{"line":24,"column":4}},"2":{"start":{"line":27,"column":27},"end":{"line":60,"column":1}},"3":{"start":{"line":28,"column":42},"end":{"line":28,"column":61}},"4":{"start":{"line":30,"column":20},"end":{"line":42,"column":3}},"5":{"start":{"line":31,"column":14},"end":{"line":31,"column":42}},"6":{"start":{"line":33,"column":4},"end":{"line":41,"column":9}},"7":{"start":{"line":36,"column":29},"end":{"line":36,"column":47}},"8":{"start":{"line":37,"column":8},"end":{"line":37,"column":39}},"9":{"start":{"line":40,"column":8},"end":{"line":40,"column":27}},"10":{"start":{"line":44,"column":2},"end":{"line":46,"column":9}},"11":{"start":{"line":45,"column":4},"end":{"line":45,"column":16}},"12":{"start":{"line":48,"column":2},"end":{"line":59,"column":4}},"13":{"start":{"line":51,"column":8},"end":{"line":56,"column":20}}},"fnMap":{"0":{"name":"(anonymous_0)","decl":{"start":{"line":12,"column":49},"end":{"line":12,"column":50}},"loc":{"start":{"line":12,"column":78},"end":{"line":25,"column":1}},"line":12},"1":{"name":"(anonymous_1)","decl":{"start":{"line":27,"column":27},"end":{"line":27,"column":28}},"loc":{"start":{"line":27,"column":33},"end":{"line":60,"column":1}},"line":27},"2":{"name":"(anonymous_2)","decl":{"start":{"line":30,"column":20},"end":{"line":30,"column":21}},"loc":{"start":{"line":30,"column":32},"end":{"line":42,"column":3}},"line":30},"3":{"name":"(anonymous_3)","decl":{"start":{"line":35,"column":12},"end":{"line":35,"column":13}},"loc":{"start":{"line":35,"column":47},"end":{"line":38,"column":7}},"line":35},"4":{"name":"(anonymous_4)","decl":{"start":{"line":39,"column":13},"end":{"line":39,"column":14}},"loc":{"start":{"line":39,"column":42},"end":{"line":41,"column":7}},"line":39},"5":{"name":"(anonymous_5)","decl":{"start":{"line":44,"column":12},"end":{"line":44,"column":13}},"loc":{"start":{"line":44,"column":18},"end":{"line":46,"column":3}},"line":44},"6":{"name":"(anonymous_6)","decl":{"start":{"line":50,"column":23},"end":{"line":50,"column":24}},"loc":{"start":{"line":51,"column":8},"end":{"line":56,"column":20}},"line":51}},"branchMap":{},"s":{"0":2,"1":17,"2":2,"3":23,"4":23,"5":4,"6":4,"7":4,"8":4,"9":0,"10":23,"11":4,"12":23,"13":17},"f":{"0":17,"1":23,"2":4,"3":4,"4":0,"5":4,"6":17},"b":{},"_coverageSchema":"1a1c01bbd47fc00a2c39e90264f33305004495a9","hash":"627b66d2d5cb355f60415bbcfe872e5ed381d1ce"}
,"/Users/Lichen/Desktop/docker_practice/frontend/src/InputField.tsx": {"path":"/Users/Lichen/Desktop/docker_practice/frontend/src/InputField.tsx","statementMap":{"0":{"start":{"line":9,"column":19},"end":{"line":23,"column":1}},"1":{"start":{"line":10,"column":2},"end":{"line":22,"column":4}}},"fnMap":{"0":{"name":"(anonymous_0)","decl":{"start":{"line":9,"column":19},"end":{"line":9,"column":20}},"loc":{"start":{"line":9,"column":55},"end":{"line":23,"column":1}},"line":9}},"branchMap":{},"s":{"0":2,"1":23},"f":{"0":23},"b":{},"_coverageSchema":"1a1c01bbd47fc00a2c39e90264f33305004495a9","hash":"5b9105f73981c3a8e10293d811a9f9363eb3f3b9"}
,"/Users/Lichen/Desktop/docker_practice/frontend/src/index.tsx": {"path":"/Users/Lichen/Desktop/docker_practice/frontend/src/index.tsx","statementMap":{"0":{"start":{"line":7,"column":13},"end":{"line":9,"column":1}},"1":{"start":{"line":10,"column":0},"end":{"line":16,"column":2}}},"fnMap":{},"branchMap":{},"s":{"0":0,"1":0},"f":{},"b":{}}
,"/Users/Lichen/Desktop/docker_practice/frontend/src/useDecreButton.tsx": {"path":"/Users/Lichen/Desktop/docker_practice/frontend/src/useDecreButton.tsx","statementMap":{"0":{"start":{"line":5,"column":30},"end":{"line":15,"column":1}},"1":{"start":{"line":6,"column":57},"end":{"line":6,"column":76}},"2":{"start":{"line":8,"column":29},"end":{"line":12,"column":3}},"3":{"start":{"line":9,"column":19},"end":{"line":9,"column":52}},"4":{"start":{"line":10,"column":4},"end":{"line":10,"column":23}},"5":{"start":{"line":11,"column":4},"end":{"line":11,"column":21}},"6":{"start":{"line":14,"column":2},"end":{"line":14,"column":28}}},"fnMap":{"0":{"name":"(anonymous_0)","decl":{"start":{"line":5,"column":30},"end":{"line":5,"column":31}},"loc":{"start":{"line":5,"column":36},"end":{"line":15,"column":1}},"line":5},"1":{"name":"(anonymous_1)","decl":{"start":{"line":8,"column":29},"end":{"line":8,"column":30}},"loc":{"start":{"line":8,"column":35},"end":{"line":12,"column":3}},"line":8}},"branchMap":{"0":{"loc":{"start":{"line":9,"column":36},"end":{"line":9,"column":51}},"type":"binary-expr","locations":[{"start":{"line":9,"column":36},"end":{"line":9,"column":46}},{"start":{"line":9,"column":50},"end":{"line":9,"column":51}}],"line":9}},"s":{"0":1,"1":21,"2":21,"3":5,"4":5,"5":5,"6":21},"f":{"0":21,"1":5},"b":{"0":[5,1]},"_coverageSchema":"1a1c01bbd47fc00a2c39e90264f33305004495a9","hash":"a1e1c32602d62a02c850f2075f704a02a0abc3bd"}
,"/Users/Lichen/Desktop/docker_practice/frontend/src/useGetNewInputValue.tsx": {"path":"/Users/Lichen/Desktop/docker_practice/frontend/src/useGetNewInputValue.tsx","statementMap":{"0":{"start":{"line":4,"column":35},"end":{"line":16,"column":1}},"1":{"start":{"line":5,"column":28},"end":{"line":5,"column":47}},"2":{"start":{"line":7,"column":27},"end":{"line":13,"column":3}},"3":{"start":{"line":8,"column":24},"end":{"line":10,"column":32}},"4":{"start":{"line":12,"column":4},"end":{"line":12,"column":33}},"5":{"start":{"line":15,"column":2},"end":{"line":15,"column":26}}},"fnMap":{"0":{"name":"(anonymous_0)","decl":{"start":{"line":4,"column":35},"end":{"line":4,"column":36}},"loc":{"start":{"line":4,"column":41},"end":{"line":16,"column":1}},"line":4},"1":{"name":"(anonymous_1)","decl":{"start":{"line":7,"column":27},"end":{"line":7,"column":28}},"loc":{"start":{"line":7,"column":71},"end":{"line":13,"column":3}},"line":7}},"branchMap":{"0":{"loc":{"start":{"line":8,"column":24},"end":{"line":10,"column":32}},"type":"cond-expr","locations":[{"start":{"line":9,"column":8},"end":{"line":9,"column":9}},{"start":{"line":10,"column":8},"end":{"line":10,"column":32}}],"line":8}},"s":{"0":1,"1":21,"2":21,"3":8,"4":8,"5":21},"f":{"0":21,"1":8},"b":{"0":[4,4]},"_coverageSchema":"1a1c01bbd47fc00a2c39e90264f33305004495a9","hash":"83c345ebc0ff15f4b89817d1e9916a8b7bb0a35c"}
,"/Users/Lichen/Desktop/docker_practice/frontend/src/useIncreButton.tsx": {"path":"/Users/Lichen/Desktop/docker_practice/frontend/src/useIncreButton.tsx","statementMap":{"0":{"start":{"line":5,"column":30},"end":{"line":15,"column":1}},"1":{"start":{"line":6,"column":57},"end":{"line":6,"column":76}},"2":{"start":{"line":8,"column":29},"end":{"line":12,"column":3}},"3":{"start":{"line":9,"column":19},"end":{"line":9,"column":52}},"4":{"start":{"line":10,"column":4},"end":{"line":10,"column":23}},"5":{"start":{"line":11,"column":4},"end":{"line":11,"column":21}},"6":{"start":{"line":14,"column":2},"end":{"line":14,"column":28}}},"fnMap":{"0":{"name":"(anonymous_0)","decl":{"start":{"line":5,"column":30},"end":{"line":5,"column":31}},"loc":{"start":{"line":5,"column":36},"end":{"line":15,"column":1}},"line":5},"1":{"name":"(anonymous_1)","decl":{"start":{"line":8,"column":29},"end":{"line":8,"column":30}},"loc":{"start":{"line":8,"column":35},"end":{"line":12,"column":3}},"line":8}},"branchMap":{"0":{"loc":{"start":{"line":9,"column":36},"end":{"line":9,"column":51}},"type":"binary-expr","locations":[{"start":{"line":9,"column":36},"end":{"line":9,"column":46}},{"start":{"line":9,"column":50},"end":{"line":9,"column":51}}],"line":9}},"s":{"0":1,"1":21,"2":21,"3":3,"4":3,"5":3,"6":21},"f":{"0":21,"1":3},"b":{"0":[3,1]},"_coverageSchema":"1a1c01bbd47fc00a2c39e90264f33305004495a9","hash":"929adb109b98d9cfbbf4057a105dd507b46f28c2"}
}
