TN:
SF:src/App.tsx
FN:12,App
FNF:1
FNH:1
FNDA:21,App
DA:13,21
DA:14,21
DA:15,21
DA:16,21
DA:18,21
LF:5
LH:5
BRF:0
BRH:0
end_of_record
TN:
SF:src/CalculateSum.tsx
FN:1,(anonymous_0)
FN:7,(anonymous_1)
FNF:2
FNH:2
FNDA:7,(anonymous_0)
FNDA:5,(anonymous_1)
DA:1,2
DA:3,7
DA:4,7
DA:7,2
DA:9,5
DA:10,5
LF:6
LH:6
BRF:0
BRH:0
end_of_record
TN:
SF:src/Context.tsx
FN:22,(anonymous_0)
FN:24,(anonymous_1)
FN:26,(anonymous_2)
FN:28,(anonymous_3)
FN:35,(anonymous_4)
FNF:5
FNH:1
FNDA:0,(anonymous_0)
FNDA:0,(anonymous_1)
FNDA:0,(anonymous_2)
FNDA:0,(anonymous_3)
FNDA:23,(anonymous_4)
DA:20,2
DA:35,2
DA:37,23
DA:40,23
DA:43,23
DA:50,23
DA:52,23
LF:7
LH:7
BRF:0
BRH:0
end_of_record
TN:
SF:src/CustomButton.tsx
FN:11,(anonymous_0)
FNF:1
FNH:1
FNDA:44,(anonymous_0)
DA:11,2
DA:12,44
LF:2
LH:2
BRDA:16,0,0,23
BRDA:16,0,1,21
BRDA:19,1,0,23
BRDA:19,1,1,21
BRF:4
BRH:4
end_of_record
TN:
SF:src/DataSection.tsx
FN:12,(anonymous_0)
FN:27,(anonymous_1)
FN:30,(anonymous_2)
FN:35,(anonymous_3)
FN:39,(anonymous_4)
FN:44,(anonymous_5)
FN:50,(anonymous_6)
FNF:7
FNH:6
FNDA:17,(anonymous_0)
FNDA:23,(anonymous_1)
FNDA:4,(anonymous_2)
FNDA:4,(anonymous_3)
FNDA:0,(anonymous_4)
FNDA:4,(anonymous_5)
FNDA:17,(anonymous_6)
DA:12,2
DA:13,17
DA:27,2
DA:28,23
DA:30,23
DA:31,4
DA:33,4
DA:36,4
DA:37,4
DA:40,0
DA:44,23
DA:45,4
DA:48,23
DA:51,17
LF:14
LH:13
BRF:0
BRH:0
end_of_record
TN:
SF:src/InputField.tsx
FN:9,(anonymous_0)
FNF:1
FNH:1
FNDA:23,(anonymous_0)
DA:9,2
DA:10,23
LF:2
LH:2
BRF:0
BRH:0
end_of_record
TN:
SF:src/index.tsx
FNF:0
FNH:0
DA:7,0
DA:10,0
LF:2
LH:0
BRF:0
BRH:0
end_of_record
TN:
SF:src/useDecreButton.tsx
FN:5,(anonymous_0)
FN:8,(anonymous_1)
FNF:2
FNH:2
FNDA:21,(anonymous_0)
FNDA:5,(anonymous_1)
DA:5,1
DA:6,21
DA:8,21
DA:9,5
DA:10,5
DA:11,5
DA:14,21
LF:7
LH:7
BRDA:9,0,0,5
BRDA:9,0,1,1
BRF:2
BRH:2
end_of_record
TN:
SF:src/useGetNewInputValue.tsx
FN:4,(anonymous_0)
FN:7,(anonymous_1)
FNF:2
FNH:2
FNDA:21,(anonymous_0)
FNDA:8,(anonymous_1)
DA:4,1
DA:5,21
DA:7,21
DA:8,8
DA:12,8
DA:15,21
LF:6
LH:6
BRDA:8,0,0,4
BRDA:8,0,1,4
BRF:2
BRH:2
end_of_record
TN:
SF:src/useIncreButton.tsx
FN:5,(anonymous_0)
FN:8,(anonymous_1)
FNF:2
FNH:2
FNDA:21,(anonymous_0)
FNDA:3,(anonymous_1)
DA:5,1
DA:6,21
DA:8,21
DA:9,3
DA:10,3
DA:11,3
DA:14,21
LF:7
LH:7
BRDA:9,0,0,3
BRDA:9,0,1,1
BRF:2
BRH:2
end_of_record
